[1.374s] Invoking command in '/home/endr/Seattle University/Innovation-Lab/ROS2/jazzy/src/pkg1': DEBUGINFOD_URLS=https://debuginfod.ubuntu.com PYTHONPATH=/home/endr/Seattle University/Innovation-Lab/ROS2/jazzy/src/build/pkg1/prefix_override:/usr/lib/python3/dist-packages/colcon_core/task/python/colcon_distutils_commands:/home/endr/Seattle University/Innovation-Lab/ROS2/jazzy/src/install/pkg1/lib/python3.12/site-packages:${PYTHONPATH} /usr/bin/python3 -W ignore:setup.py install is deprecated -W ignore:easy_install command is deprecated setup.py egg_info --egg-base ../build/pkg1 build --build-base /home/endr/Seattle University/Innovation-Lab/ROS2/jazzy/src/build/pkg1/build install --record /home/endr/Seattle University/Innovation-Lab/ROS2/jazzy/src/build/pkg1/install.log --single-version-externally-managed install_data
[1.688s] running egg_info
[1.689s] creating ../build/pkg1/pkg1.egg-info
[1.710s] writing ../build/pkg1/pkg1.egg-info/PKG-INFO
[1.710s] writing dependency_links to ../build/pkg1/pkg1.egg-info/dependency_links.txt
[1.711s] writing requirements to ../build/pkg1/pkg1.egg-info/requires.txt
[1.711s] writing top-level names to ../build/pkg1/pkg1.egg-info/top_level.txt
[1.711s] writing manifest file '../build/pkg1/pkg1.egg-info/SOURCES.txt'
[1.753s] reading manifest file '../build/pkg1/pkg1.egg-info/SOURCES.txt'
[1.754s] writing manifest file '../build/pkg1/pkg1.egg-info/SOURCES.txt'
[1.754s] running build
[1.754s] running build_py
[1.754s] creating /home/endr/Seattle University/Innovation-Lab/ROS2/jazzy/src/build/pkg1/build
[1.755s] creating /home/endr/Seattle University/Innovation-Lab/ROS2/jazzy/src/build/pkg1/build/lib
[1.755s] creating /home/endr/Seattle University/Innovation-Lab/ROS2/jazzy/src/build/pkg1/build/lib/pkg1
[1.755s] copying pkg1/__init__.py -> /home/endr/Seattle University/Innovation-Lab/ROS2/jazzy/src/build/pkg1/build/lib/pkg1
[1.755s] running install
[1.762s] running install_lib
[1.785s] creating /home/endr/Seattle University/Innovation-Lab/ROS2/jazzy/src/install/pkg1/lib/python3.12/site-packages/pkg1
[1.785s] copying /home/endr/Seattle University/Innovation-Lab/ROS2/jazzy/src/build/pkg1/build/lib/pkg1/__init__.py -> /home/endr/Seattle University/Innovation-Lab/ROS2/jazzy/src/install/pkg1/lib/python3.12/site-packages/pkg1
[1.786s] byte-compiling /home/endr/Seattle University/Innovation-Lab/ROS2/jazzy/src/install/pkg1/lib/python3.12/site-packages/pkg1/__init__.py to __init__.cpython-312.pyc
[1.787s] running install_data
[1.787s] creating /home/endr/Seattle University/Innovation-Lab/ROS2/jazzy/src/install/pkg1/share/ament_index
[1.787s] creating /home/endr/Seattle University/Innovation-Lab/ROS2/jazzy/src/install/pkg1/share/ament_index/resource_index
[1.787s] creating /home/endr/Seattle University/Innovation-Lab/ROS2/jazzy/src/install/pkg1/share/ament_index/resource_index/packages
[1.788s] copying resource/pkg1 -> /home/endr/Seattle University/Innovation-Lab/ROS2/jazzy/src/install/pkg1/share/ament_index/resource_index/packages
[1.788s] copying package.xml -> /home/endr/Seattle University/Innovation-Lab/ROS2/jazzy/src/install/pkg1/share/pkg1
[1.788s] running install_egg_info
[1.811s] Copying ../build/pkg1/pkg1.egg-info to /home/endr/Seattle University/Innovation-Lab/ROS2/jazzy/src/install/pkg1/lib/python3.12/site-packages/pkg1-0.0.0-py3.12.egg-info
[1.812s] running install_scripts
[1.975s] writing list of installed files to '/home/endr/Seattle University/Innovation-Lab/ROS2/jazzy/src/build/pkg1/install.log'
[2.012s] Invoked command in '/home/endr/Seattle University/Innovation-Lab/ROS2/jazzy/src/pkg1' returned '0': DEBUGINFOD_URLS=https://debuginfod.ubuntu.com PYTHONPATH=/home/endr/Seattle University/Innovation-Lab/ROS2/jazzy/src/build/pkg1/prefix_override:/usr/lib/python3/dist-packages/colcon_core/task/python/colcon_distutils_commands:/home/endr/Seattle University/Innovation-Lab/ROS2/jazzy/src/install/pkg1/lib/python3.12/site-packages:${PYTHONPATH} /usr/bin/python3 -W ignore:setup.py install is deprecated -W ignore:easy_install command is deprecated setup.py egg_info --egg-base ../build/pkg1 build --build-base /home/endr/Seattle University/Innovation-Lab/ROS2/jazzy/src/build/pkg1/build install --record /home/endr/Seattle University/Innovation-Lab/ROS2/jazzy/src/build/pkg1/install.log --single-version-externally-managed install_data
