running egg_info
creating ../build/pkg2/pkg2.egg-info
writing ../build/pkg2/pkg2.egg-info/PKG-INFO
writing dependency_links to ../build/pkg2/pkg2.egg-info/dependency_links.txt
writing requirements to ../build/pkg2/pkg2.egg-info/requires.txt
writing top-level names to ../build/pkg2/pkg2.egg-info/top_level.txt
writing manifest file '../build/pkg2/pkg2.egg-info/SOURCES.txt'
reading manifest file '../build/pkg2/pkg2.egg-info/SOURCES.txt'
writing manifest file '../build/pkg2/pkg2.egg-info/SOURCES.txt'
running build
running build_py
creating /home/endr/Seattle University/Innovation-Lab/ROS2/jazzy/src/build/pkg2/build
creating /home/endr/Seattle University/Innovation-Lab/ROS2/jazzy/src/build/pkg2/build/lib
creating /home/endr/Seattle University/Innovation-Lab/ROS2/jazzy/src/build/pkg2/build/lib/pkg2
copying pkg2/__init__.py -> /home/endr/Seattle University/Innovation-Lab/ROS2/jazzy/src/build/pkg2/build/lib/pkg2
running install
running install_lib
creating /home/endr/Seattle University/Innovation-Lab/ROS2/jazzy/src/install/pkg2/lib/python3.12/site-packages/pkg2
copying /home/endr/Seattle University/Innovation-Lab/ROS2/jazzy/src/build/pkg2/build/lib/pkg2/__init__.py -> /home/endr/Seattle University/Innovation-Lab/ROS2/jazzy/src/install/pkg2/lib/python3.12/site-packages/pkg2
byte-compiling /home/endr/Seattle University/Innovation-Lab/ROS2/jazzy/src/install/pkg2/lib/python3.12/site-packages/pkg2/__init__.py to __init__.cpython-312.pyc
running install_data
creating /home/endr/Seattle University/Innovation-Lab/ROS2/jazzy/src/install/pkg2/share/ament_index
creating /home/endr/Seattle University/Innovation-Lab/ROS2/jazzy/src/install/pkg2/share/ament_index/resource_index
creating /home/endr/Seattle University/Innovation-Lab/ROS2/jazzy/src/install/pkg2/share/ament_index/resource_index/packages
copying resource/pkg2 -> /home/endr/Seattle University/Innovation-Lab/ROS2/jazzy/src/install/pkg2/share/ament_index/resource_index/packages
copying package.xml -> /home/endr/Seattle University/Innovation-Lab/ROS2/jazzy/src/install/pkg2/share/pkg2
running install_egg_info
Copying ../build/pkg2/pkg2.egg-info to /home/endr/Seattle University/Innovation-Lab/ROS2/jazzy/src/install/pkg2/lib/python3.12/site-packages/pkg2-0.0.0-py3.12.egg-info
running install_scripts
writing list of installed files to '/home/endr/Seattle University/Innovation-Lab/ROS2/jazzy/src/build/pkg2/install.log'
