[0.171s] DEBUG:colcon:Command line arguments: ['/usr/bin/colcon', 'build']
[0.172s] DEBUG:colcon:Parsed command line arguments: Namespace(log_base=None, log_level=None, verb_name='build', build_base='build', install_base='install', merge_install=False, symlink_install=False, test_result_base=None, continue_on_error=False, executor='parallel', parallel_workers=16, event_handlers=None, ignore_user_meta=False, metas=['./colcon.meta'], base_paths=['.'], packages_ignore=None, packages_ignore_regex=None, paths=None, packages_up_to=None, packages_up_to_regex=None, packages_above=None, packages_above_and_dependencies=None, packages_above_depth=None, packages_select_by_dep=None, packages_skip_by_dep=None, packages_skip_up_to=None, packages_select_build_failed=False, packages_skip_build_finished=False, packages_select_test_failures=False, packages_skip_test_passed=False, packages_select=None, packages_skip=None, packages_select_regex=None, packages_skip_regex=None, packages_start=None, packages_end=None, allow_overriding=[], cmake_args=None, cmake_target=None, cmake_target_skip_unavailable=False, cmake_clean_cache=False, cmake_clean_first=False, cmake_force_configure=False, ament_cmake_args=None, catkin_cmake_args=None, catkin_skip_building_tests=False, mixin_files=None, mixin=None, verb_parser=<colcon_mixin.mixin.mixin_argument.MixinArgumentDecorator object at 0x7d237604fd70>, verb_extension=<colcon_core.verb.build.BuildVerb object at 0x7d237604e180>, main=<bound method BuildVerb.main of <colcon_core.verb.build.BuildVerb object at 0x7d237604e180>>, mixin_verb=('build',))
[0.225s] Level 1:colcon.colcon_core.package_discovery:discover_packages(colcon_meta) check parameters
[0.226s] Level 1:colcon.colcon_core.package_discovery:discover_packages(recursive) check parameters
[0.226s] Level 1:colcon.colcon_core.package_discovery:discover_packages(ignore) check parameters
[0.226s] Level 1:colcon.colcon_core.package_discovery:discover_packages(path) check parameters
[0.226s] Level 1:colcon.colcon_core.package_discovery:discover_packages(colcon_meta) discover
[0.226s] Level 1:colcon.colcon_core.package_discovery:discover_packages(recursive) discover
[0.226s] INFO:colcon.colcon_core.package_discovery:Crawling recursively for packages in '/home/endr/Seattle University/Innovation-Lab/ROS2/jazzy/src'
[0.226s] Level 1:colcon.colcon_core.package_identification:_identify(.) by extensions ['ignore', 'ignore_ament_install']
[0.226s] Level 1:colcon.colcon_core.package_identification:_identify(.) by extension 'ignore'
[0.226s] Level 1:colcon.colcon_core.package_identification:_identify(.) by extension 'ignore_ament_install'
[0.226s] Level 1:colcon.colcon_core.package_identification:_identify(.) by extensions ['colcon_pkg']
[0.226s] Level 1:colcon.colcon_core.package_identification:_identify(.) by extension 'colcon_pkg'
[0.226s] Level 1:colcon.colcon_core.package_identification:_identify(.) by extensions ['colcon_meta']
[0.226s] Level 1:colcon.colcon_core.package_identification:_identify(.) by extension 'colcon_meta'
[0.226s] Level 1:colcon.colcon_core.package_identification:_identify(.) by extensions ['ros']
[0.226s] Level 1:colcon.colcon_core.package_identification:_identify(.) by extension 'ros'
[0.270s] Level 1:colcon.colcon_core.package_identification:_identify(.) by extensions ['cmake', 'python']
[0.270s] Level 1:colcon.colcon_core.package_identification:_identify(.) by extension 'cmake'
[0.270s] Level 1:colcon.colcon_core.package_identification:_identify(.) by extension 'python'
[0.271s] Level 1:colcon.colcon_core.package_identification:_identify(.) by extensions ['python_setup_py']
[0.271s] Level 1:colcon.colcon_core.package_identification:_identify(.) by extension 'python_setup_py'
[0.271s] Level 1:colcon.colcon_core.package_identification:_identify(build) by extensions ['ignore', 'ignore_ament_install']
[0.271s] Level 1:colcon.colcon_core.package_identification:_identify(build) by extension 'ignore'
[0.271s] Level 1:colcon.colcon_core.package_identification:_identify(build) ignored
[0.271s] Level 1:colcon.colcon_core.package_identification:_identify(install) by extensions ['ignore', 'ignore_ament_install']
[0.271s] Level 1:colcon.colcon_core.package_identification:_identify(install) by extension 'ignore'
[0.271s] Level 1:colcon.colcon_core.package_identification:_identify(install) ignored
[0.271s] Level 1:colcon.colcon_core.package_identification:_identify(log) by extensions ['ignore', 'ignore_ament_install']
[0.271s] Level 1:colcon.colcon_core.package_identification:_identify(log) by extension 'ignore'
[0.271s] Level 1:colcon.colcon_core.package_identification:_identify(log) ignored
[0.272s] Level 1:colcon.colcon_core.package_identification:_identify(pkg1) by extensions ['ignore', 'ignore_ament_install']
[0.272s] Level 1:colcon.colcon_core.package_identification:_identify(pkg1) by extension 'ignore'
[0.272s] Level 1:colcon.colcon_core.package_identification:_identify(pkg1) by extension 'ignore_ament_install'
[0.272s] Level 1:colcon.colcon_core.package_identification:_identify(pkg1) by extensions ['colcon_pkg']
[0.272s] Level 1:colcon.colcon_core.package_identification:_identify(pkg1) by extension 'colcon_pkg'
[0.272s] Level 1:colcon.colcon_core.package_identification:_identify(pkg1) by extensions ['colcon_meta']
[0.272s] Level 1:colcon.colcon_core.package_identification:_identify(pkg1) by extension 'colcon_meta'
[0.272s] Level 1:colcon.colcon_core.package_identification:_identify(pkg1) by extensions ['ros']
[0.272s] Level 1:colcon.colcon_core.package_identification:_identify(pkg1) by extension 'ros'
[0.276s] DEBUG:colcon.colcon_core.package_identification:Package 'pkg1' with type 'ros.ament_python' and name 'pkg1'
[0.277s] Level 1:colcon.colcon_core.package_identification:_identify(pkg2) by extensions ['ignore', 'ignore_ament_install']
[0.277s] Level 1:colcon.colcon_core.package_identification:_identify(pkg2) by extension 'ignore'
[0.277s] Level 1:colcon.colcon_core.package_identification:_identify(pkg2) by extension 'ignore_ament_install'
[0.277s] Level 1:colcon.colcon_core.package_identification:_identify(pkg2) by extensions ['colcon_pkg']
[0.277s] Level 1:colcon.colcon_core.package_identification:_identify(pkg2) by extension 'colcon_pkg'
[0.277s] Level 1:colcon.colcon_core.package_identification:_identify(pkg2) by extensions ['colcon_meta']
[0.277s] Level 1:colcon.colcon_core.package_identification:_identify(pkg2) by extension 'colcon_meta'
[0.277s] Level 1:colcon.colcon_core.package_identification:_identify(pkg2) by extensions ['ros']
[0.277s] Level 1:colcon.colcon_core.package_identification:_identify(pkg2) by extension 'ros'
[0.278s] DEBUG:colcon.colcon_core.package_identification:Package 'pkg2' with type 'ros.ament_python' and name 'pkg2'
[0.278s] Level 1:colcon.colcon_core.package_discovery:discover_packages(recursive) using defaults
[0.278s] Level 1:colcon.colcon_core.package_discovery:discover_packages(ignore) discover
[0.278s] Level 1:colcon.colcon_core.package_discovery:discover_packages(ignore) using defaults
[0.278s] Level 1:colcon.colcon_core.package_discovery:discover_packages(path) discover
[0.278s] Level 1:colcon.colcon_core.package_discovery:discover_packages(path) using defaults
[0.304s] Level 1:colcon.colcon_core.package_discovery:discover_packages(prefix_path) check parameters
[0.304s] Level 1:colcon.colcon_core.package_discovery:discover_packages(prefix_path) discover
[0.306s] DEBUG:colcon.colcon_installed_package_information.package_discovery:Found 2 installed packages in /home/endr/Developer/Robotics/Reference/ROS2/ros2_ws/install
[0.308s] DEBUG:colcon.colcon_installed_package_information.package_discovery:Found 285 installed packages in /opt/ros/jazzy
[0.309s] Level 1:colcon.colcon_core.package_discovery:discover_packages(prefix_path) using defaults
[0.357s] Level 5:colcon.colcon_core.verb:set package 'pkg1' build argument 'cmake_args' from command line to 'None'
[0.357s] Level 5:colcon.colcon_core.verb:set package 'pkg1' build argument 'cmake_target' from command line to 'None'
[0.357s] Level 5:colcon.colcon_core.verb:set package 'pkg1' build argument 'cmake_target_skip_unavailable' from command line to 'False'
[0.357s] Level 5:colcon.colcon_core.verb:set package 'pkg1' build argument 'cmake_clean_cache' from command line to 'False'
[0.357s] Level 5:colcon.colcon_core.verb:set package 'pkg1' build argument 'cmake_clean_first' from command line to 'False'
[0.357s] Level 5:colcon.colcon_core.verb:set package 'pkg1' build argument 'cmake_force_configure' from command line to 'False'
[0.358s] Level 5:colcon.colcon_core.verb:set package 'pkg1' build argument 'ament_cmake_args' from command line to 'None'
[0.358s] Level 5:colcon.colcon_core.verb:set package 'pkg1' build argument 'catkin_cmake_args' from command line to 'None'
[0.358s] Level 5:colcon.colcon_core.verb:set package 'pkg1' build argument 'catkin_skip_building_tests' from command line to 'False'
[0.358s] DEBUG:colcon.colcon_core.verb:Building package 'pkg1' with the following arguments: {'ament_cmake_args': None, 'build_base': '/home/endr/Seattle University/Innovation-Lab/ROS2/jazzy/src/build/pkg1', 'catkin_cmake_args': None, 'catkin_skip_building_tests': False, 'cmake_args': None, 'cmake_clean_cache': False, 'cmake_clean_first': False, 'cmake_force_configure': False, 'cmake_target': None, 'cmake_target_skip_unavailable': False, 'install_base': '/home/endr/Seattle University/Innovation-Lab/ROS2/jazzy/src/install/pkg1', 'merge_install': False, 'path': '/home/endr/Seattle University/Innovation-Lab/ROS2/jazzy/src/pkg1', 'symlink_install': False, 'test_result_base': None}
[0.358s] Level 5:colcon.colcon_core.verb:set package 'pkg2' build argument 'cmake_args' from command line to 'None'
[0.358s] Level 5:colcon.colcon_core.verb:set package 'pkg2' build argument 'cmake_target' from command line to 'None'
[0.358s] Level 5:colcon.colcon_core.verb:set package 'pkg2' build argument 'cmake_target_skip_unavailable' from command line to 'False'
[0.358s] Level 5:colcon.colcon_core.verb:set package 'pkg2' build argument 'cmake_clean_cache' from command line to 'False'
[0.358s] Level 5:colcon.colcon_core.verb:set package 'pkg2' build argument 'cmake_clean_first' from command line to 'False'
[0.358s] Level 5:colcon.colcon_core.verb:set package 'pkg2' build argument 'cmake_force_configure' from command line to 'False'
[0.358s] Level 5:colcon.colcon_core.verb:set package 'pkg2' build argument 'ament_cmake_args' from command line to 'None'
[0.358s] Level 5:colcon.colcon_core.verb:set package 'pkg2' build argument 'catkin_cmake_args' from command line to 'None'
[0.358s] Level 5:colcon.colcon_core.verb:set package 'pkg2' build argument 'catkin_skip_building_tests' from command line to 'False'
[0.358s] DEBUG:colcon.colcon_core.verb:Building package 'pkg2' with the following arguments: {'ament_cmake_args': None, 'build_base': '/home/endr/Seattle University/Innovation-Lab/ROS2/jazzy/src/build/pkg2', 'catkin_cmake_args': None, 'catkin_skip_building_tests': False, 'cmake_args': None, 'cmake_clean_cache': False, 'cmake_clean_first': False, 'cmake_force_configure': False, 'cmake_target': None, 'cmake_target_skip_unavailable': False, 'install_base': '/home/endr/Seattle University/Innovation-Lab/ROS2/jazzy/src/install/pkg2', 'merge_install': False, 'path': '/home/endr/Seattle University/Innovation-Lab/ROS2/jazzy/src/pkg2', 'symlink_install': False, 'test_result_base': None}
[0.358s] INFO:colcon.colcon_core.executor:Executing jobs using 'parallel' executor
[0.359s] DEBUG:colcon.colcon_parallel_executor.executor.parallel:run_until_complete
[0.360s] INFO:colcon.colcon_ros.task.ament_python.build:Building ROS package in '/home/endr/Seattle University/Innovation-Lab/ROS2/jazzy/src/pkg1' with build type 'ament_python'
[0.360s] Level 1:colcon.colcon_core.shell:create_environment_hook('pkg1', 'ament_prefix_path')
[0.363s] INFO:colcon.colcon_core.plugin_system:Skipping extension 'colcon_core.shell.bat': Not used on non-Windows systems
[0.363s] INFO:colcon.colcon_core.shell:Creating environment hook '/home/endr/Seattle University/Innovation-Lab/ROS2/jazzy/src/install/pkg1/share/pkg1/hook/ament_prefix_path.ps1'
[0.365s] INFO:colcon.colcon_core.shell:Creating environment descriptor '/home/endr/Seattle University/Innovation-Lab/ROS2/jazzy/src/install/pkg1/share/pkg1/hook/ament_prefix_path.dsv'
[0.365s] INFO:colcon.colcon_core.shell:Creating environment hook '/home/endr/Seattle University/Innovation-Lab/ROS2/jazzy/src/install/pkg1/share/pkg1/hook/ament_prefix_path.sh'
[0.366s] INFO:colcon.colcon_core.shell:Skip shell extension 'powershell' for command environment: Not usable outside of PowerShell
[0.366s] DEBUG:colcon.colcon_core.shell:Skip shell extension 'dsv' for command environment
[0.370s] INFO:colcon.colcon_ros.task.ament_python.build:Building ROS package in '/home/endr/Seattle University/Innovation-Lab/ROS2/jazzy/src/pkg2' with build type 'ament_python'
[0.370s] Level 1:colcon.colcon_core.shell:create_environment_hook('pkg2', 'ament_prefix_path')
[0.371s] INFO:colcon.colcon_core.shell:Creating environment hook '/home/endr/Seattle University/Innovation-Lab/ROS2/jazzy/src/install/pkg2/share/pkg2/hook/ament_prefix_path.ps1'
[0.371s] INFO:colcon.colcon_core.shell:Creating environment descriptor '/home/endr/Seattle University/Innovation-Lab/ROS2/jazzy/src/install/pkg2/share/pkg2/hook/ament_prefix_path.dsv'
[0.372s] INFO:colcon.colcon_core.shell:Creating environment hook '/home/endr/Seattle University/Innovation-Lab/ROS2/jazzy/src/install/pkg2/share/pkg2/hook/ament_prefix_path.sh'
[0.372s] INFO:colcon.colcon_core.shell:Skip shell extension 'powershell' for command environment: Not usable outside of PowerShell
[0.372s] DEBUG:colcon.colcon_core.shell:Skip shell extension 'dsv' for command environment
[0.689s] INFO:colcon.colcon_core.task.python.build:Building Python package in '/home/endr/Seattle University/Innovation-Lab/ROS2/jazzy/src/pkg1'
[0.689s] INFO:colcon.colcon_core.shell:Skip shell extension 'powershell' for command environment: Not usable outside of PowerShell
[0.689s] DEBUG:colcon.colcon_core.shell:Skip shell extension 'dsv' for command environment
[0.982s] INFO:colcon.colcon_core.task.python.build:Building Python package in '/home/endr/Seattle University/Innovation-Lab/ROS2/jazzy/src/pkg2'
[0.983s] INFO:colcon.colcon_core.shell:Skip shell extension 'powershell' for command environment: Not usable outside of PowerShell
[0.983s] DEBUG:colcon.colcon_core.shell:Skip shell extension 'dsv' for command environment
[1.735s] DEBUG:colcon.colcon_core.event_handler.log_command:Invoking command in '/home/endr/Seattle University/Innovation-Lab/ROS2/jazzy/src/pkg1': DEBUGINFOD_URLS=https://debuginfod.ubuntu.com PYTHONPATH=/home/endr/Seattle University/Innovation-Lab/ROS2/jazzy/src/build/pkg1/prefix_override:/usr/lib/python3/dist-packages/colcon_core/task/python/colcon_distutils_commands:/home/endr/Seattle University/Innovation-Lab/ROS2/jazzy/src/install/pkg1/lib/python3.12/site-packages:${PYTHONPATH} /usr/bin/python3 -W ignore:setup.py install is deprecated -W ignore:easy_install command is deprecated setup.py egg_info --egg-base ../build/pkg1 build --build-base /home/endr/Seattle University/Innovation-Lab/ROS2/jazzy/src/build/pkg1/build install --record /home/endr/Seattle University/Innovation-Lab/ROS2/jazzy/src/build/pkg1/install.log --single-version-externally-managed install_data
[2.083s] DEBUG:colcon.colcon_core.event_handler.log_command:Invoking command in '/home/endr/Seattle University/Innovation-Lab/ROS2/jazzy/src/pkg2': DEBUGINFOD_URLS=https://debuginfod.ubuntu.com PYTHONPATH=/home/endr/Seattle University/Innovation-Lab/ROS2/jazzy/src/build/pkg2/prefix_override:/usr/lib/python3/dist-packages/colcon_core/task/python/colcon_distutils_commands:/home/endr/Seattle University/Innovation-Lab/ROS2/jazzy/src/install/pkg2/lib/python3.12/site-packages:${PYTHONPATH} /usr/bin/python3 -W ignore:setup.py install is deprecated -W ignore:easy_install command is deprecated setup.py egg_info --egg-base ../build/pkg2 build --build-base /home/endr/Seattle University/Innovation-Lab/ROS2/jazzy/src/build/pkg2/build install --record /home/endr/Seattle University/Innovation-Lab/ROS2/jazzy/src/build/pkg2/install.log --single-version-externally-managed install_data
[2.373s] DEBUG:colcon.colcon_core.event_handler.log_command:Invoked command in '/home/endr/Seattle University/Innovation-Lab/ROS2/jazzy/src/pkg1' returned '0': DEBUGINFOD_URLS=https://debuginfod.ubuntu.com PYTHONPATH=/home/endr/Seattle University/Innovation-Lab/ROS2/jazzy/src/build/pkg1/prefix_override:/usr/lib/python3/dist-packages/colcon_core/task/python/colcon_distutils_commands:/home/endr/Seattle University/Innovation-Lab/ROS2/jazzy/src/install/pkg1/lib/python3.12/site-packages:${PYTHONPATH} /usr/bin/python3 -W ignore:setup.py install is deprecated -W ignore:easy_install command is deprecated setup.py egg_info --egg-base ../build/pkg1 build --build-base /home/endr/Seattle University/Innovation-Lab/ROS2/jazzy/src/build/pkg1/build install --record /home/endr/Seattle University/Innovation-Lab/ROS2/jazzy/src/build/pkg1/install.log --single-version-externally-managed install_data
[2.377s] Level 1:colcon.colcon_core.environment:checking '/home/endr/Seattle University/Innovation-Lab/ROS2/jazzy/src/install/pkg1' for CMake module files
[2.378s] Level 1:colcon.colcon_core.environment:checking '/home/endr/Seattle University/Innovation-Lab/ROS2/jazzy/src/install/pkg1' for CMake config files
[2.379s] Level 1:colcon.colcon_core.environment:checking '/home/endr/Seattle University/Innovation-Lab/ROS2/jazzy/src/install/pkg1/lib'
[2.380s] Level 1:colcon.colcon_core.environment:checking '/home/endr/Seattle University/Innovation-Lab/ROS2/jazzy/src/install/pkg1/bin'
[2.380s] Level 1:colcon.colcon_core.environment:checking '/home/endr/Seattle University/Innovation-Lab/ROS2/jazzy/src/install/pkg1/lib/pkgconfig/pkg1.pc'
[2.380s] Level 1:colcon.colcon_core.environment:checking '/home/endr/Seattle University/Innovation-Lab/ROS2/jazzy/src/install/pkg1/lib/python3.12/site-packages'
[2.380s] Level 1:colcon.colcon_core.shell:create_environment_hook('pkg1', 'pythonpath')
[2.381s] INFO:colcon.colcon_core.shell:Creating environment hook '/home/endr/Seattle University/Innovation-Lab/ROS2/jazzy/src/install/pkg1/share/pkg1/hook/pythonpath.ps1'
[2.381s] INFO:colcon.colcon_core.shell:Creating environment descriptor '/home/endr/Seattle University/Innovation-Lab/ROS2/jazzy/src/install/pkg1/share/pkg1/hook/pythonpath.dsv'
[2.381s] INFO:colcon.colcon_core.shell:Creating environment hook '/home/endr/Seattle University/Innovation-Lab/ROS2/jazzy/src/install/pkg1/share/pkg1/hook/pythonpath.sh'
[2.382s] Level 1:colcon.colcon_core.environment:checking '/home/endr/Seattle University/Innovation-Lab/ROS2/jazzy/src/install/pkg1/bin'
[2.382s] Level 1:colcon.colcon_core.environment:create_environment_scripts_only(pkg1)
[2.382s] INFO:colcon.colcon_core.shell:Creating package script '/home/endr/Seattle University/Innovation-Lab/ROS2/jazzy/src/install/pkg1/share/pkg1/package.ps1'
[2.383s] INFO:colcon.colcon_core.shell:Creating package descriptor '/home/endr/Seattle University/Innovation-Lab/ROS2/jazzy/src/install/pkg1/share/pkg1/package.dsv'
[2.384s] INFO:colcon.colcon_core.shell:Creating package script '/home/endr/Seattle University/Innovation-Lab/ROS2/jazzy/src/install/pkg1/share/pkg1/package.sh'
[2.384s] INFO:colcon.colcon_core.shell:Creating package script '/home/endr/Seattle University/Innovation-Lab/ROS2/jazzy/src/install/pkg1/share/pkg1/package.bash'
[2.385s] INFO:colcon.colcon_core.shell:Creating package script '/home/endr/Seattle University/Innovation-Lab/ROS2/jazzy/src/install/pkg1/share/pkg1/package.zsh'
[2.386s] Level 1:colcon.colcon_core.environment:create_file_with_runtime_dependencies(/home/endr/Seattle University/Innovation-Lab/ROS2/jazzy/src/install/pkg1/share/colcon-core/packages/pkg1)
[2.860s] Level 1:colcon.colcon_core.environment:checking '/home/endr/Seattle University/Innovation-Lab/ROS2/jazzy/src/install/pkg2' for CMake module files
[2.861s] DEBUG:colcon.colcon_core.event_handler.log_command:Invoked command in '/home/endr/Seattle University/Innovation-Lab/ROS2/jazzy/src/pkg2' returned '0': DEBUGINFOD_URLS=https://debuginfod.ubuntu.com PYTHONPATH=/home/endr/Seattle University/Innovation-Lab/ROS2/jazzy/src/build/pkg2/prefix_override:/usr/lib/python3/dist-packages/colcon_core/task/python/colcon_distutils_commands:/home/endr/Seattle University/Innovation-Lab/ROS2/jazzy/src/install/pkg2/lib/python3.12/site-packages:${PYTHONPATH} /usr/bin/python3 -W ignore:setup.py install is deprecated -W ignore:easy_install command is deprecated setup.py egg_info --egg-base ../build/pkg2 build --build-base /home/endr/Seattle University/Innovation-Lab/ROS2/jazzy/src/build/pkg2/build install --record /home/endr/Seattle University/Innovation-Lab/ROS2/jazzy/src/build/pkg2/install.log --single-version-externally-managed install_data
[2.862s] Level 1:colcon.colcon_core.environment:checking '/home/endr/Seattle University/Innovation-Lab/ROS2/jazzy/src/install/pkg2' for CMake config files
[2.863s] Level 1:colcon.colcon_core.environment:checking '/home/endr/Seattle University/Innovation-Lab/ROS2/jazzy/src/install/pkg2/lib'
[2.863s] Level 1:colcon.colcon_core.environment:checking '/home/endr/Seattle University/Innovation-Lab/ROS2/jazzy/src/install/pkg2/bin'
[2.863s] Level 1:colcon.colcon_core.environment:checking '/home/endr/Seattle University/Innovation-Lab/ROS2/jazzy/src/install/pkg2/lib/pkgconfig/pkg2.pc'
[2.863s] Level 1:colcon.colcon_core.environment:checking '/home/endr/Seattle University/Innovation-Lab/ROS2/jazzy/src/install/pkg2/lib/python3.12/site-packages'
[2.864s] Level 1:colcon.colcon_core.shell:create_environment_hook('pkg2', 'pythonpath')
[2.864s] INFO:colcon.colcon_core.shell:Creating environment hook '/home/endr/Seattle University/Innovation-Lab/ROS2/jazzy/src/install/pkg2/share/pkg2/hook/pythonpath.ps1'
[2.865s] INFO:colcon.colcon_core.shell:Creating environment descriptor '/home/endr/Seattle University/Innovation-Lab/ROS2/jazzy/src/install/pkg2/share/pkg2/hook/pythonpath.dsv'
[2.866s] INFO:colcon.colcon_core.shell:Creating environment hook '/home/endr/Seattle University/Innovation-Lab/ROS2/jazzy/src/install/pkg2/share/pkg2/hook/pythonpath.sh'
[2.866s] Level 1:colcon.colcon_core.environment:checking '/home/endr/Seattle University/Innovation-Lab/ROS2/jazzy/src/install/pkg2/bin'
[2.866s] Level 1:colcon.colcon_core.environment:create_environment_scripts_only(pkg2)
[2.867s] INFO:colcon.colcon_core.shell:Creating package script '/home/endr/Seattle University/Innovation-Lab/ROS2/jazzy/src/install/pkg2/share/pkg2/package.ps1'
[2.867s] INFO:colcon.colcon_core.shell:Creating package descriptor '/home/endr/Seattle University/Innovation-Lab/ROS2/jazzy/src/install/pkg2/share/pkg2/package.dsv'
[2.868s] INFO:colcon.colcon_core.shell:Creating package script '/home/endr/Seattle University/Innovation-Lab/ROS2/jazzy/src/install/pkg2/share/pkg2/package.sh'
[2.868s] INFO:colcon.colcon_core.shell:Creating package script '/home/endr/Seattle University/Innovation-Lab/ROS2/jazzy/src/install/pkg2/share/pkg2/package.bash'
[2.869s] INFO:colcon.colcon_core.shell:Creating package script '/home/endr/Seattle University/Innovation-Lab/ROS2/jazzy/src/install/pkg2/share/pkg2/package.zsh'
[2.869s] Level 1:colcon.colcon_core.environment:create_file_with_runtime_dependencies(/home/endr/Seattle University/Innovation-Lab/ROS2/jazzy/src/install/pkg2/share/colcon-core/packages/pkg2)
[2.869s] DEBUG:colcon.colcon_parallel_executor.executor.parallel:closing loop
[2.869s] DEBUG:colcon.colcon_parallel_executor.executor.parallel:loop closed
[2.870s] DEBUG:colcon.colcon_parallel_executor.executor.parallel:run_until_complete finished with '0'
[2.870s] DEBUG:colcon.colcon_core.event_reactor:joining thread
[2.888s] INFO:colcon.colcon_core.plugin_system:Skipping extension 'colcon_notification.desktop_notification.terminal_notifier': Not used on non-Darwin systems
[2.889s] INFO:colcon.colcon_core.plugin_system:Skipping extension 'colcon_notification.desktop_notification.win32': Not used on non-Windows systems
[2.889s] INFO:colcon.colcon_notification.desktop_notification:Sending desktop notification using 'notify2'
[2.904s] DEBUG:colcon.colcon_core.event_reactor:joined thread
[2.905s] INFO:colcon.colcon_core.shell:Creating prefix script '/home/endr/Seattle University/Innovation-Lab/ROS2/jazzy/src/install/local_setup.ps1'
[2.906s] INFO:colcon.colcon_core.shell:Creating prefix util module '/home/endr/Seattle University/Innovation-Lab/ROS2/jazzy/src/install/_local_setup_util_ps1.py'
[2.907s] INFO:colcon.colcon_core.shell:Creating prefix chain script '/home/endr/Seattle University/Innovation-Lab/ROS2/jazzy/src/install/setup.ps1'
[2.908s] INFO:colcon.colcon_core.shell:Creating prefix script '/home/endr/Seattle University/Innovation-Lab/ROS2/jazzy/src/install/local_setup.sh'
[2.909s] INFO:colcon.colcon_core.shell:Creating prefix util module '/home/endr/Seattle University/Innovation-Lab/ROS2/jazzy/src/install/_local_setup_util_sh.py'
[2.910s] INFO:colcon.colcon_core.shell:Creating prefix chain script '/home/endr/Seattle University/Innovation-Lab/ROS2/jazzy/src/install/setup.sh'
[2.911s] INFO:colcon.colcon_core.shell:Creating prefix script '/home/endr/Seattle University/Innovation-Lab/ROS2/jazzy/src/install/local_setup.bash'
[2.911s] INFO:colcon.colcon_core.shell:Creating prefix chain script '/home/endr/Seattle University/Innovation-Lab/ROS2/jazzy/src/install/setup.bash'
[2.912s] INFO:colcon.colcon_core.shell:Creating prefix script '/home/endr/Seattle University/Innovation-Lab/ROS2/jazzy/src/install/local_setup.zsh'
[2.913s] INFO:colcon.colcon_core.shell:Creating prefix chain script '/home/endr/Seattle University/Innovation-Lab/ROS2/jazzy/src/install/setup.zsh'
